<?xml version="1.0" encoding="UTF-8"?><testsuite failures="0" name="cucumber.runtime.formatter.JUnitFormatter" skipped="0" tests="1" time="30.232706">
<testcase classname="Create a deal" name="Create a deal on FreeCRM" time="30.232706">
<system-out><![CDATA[Given User is navigated to login page.......................................passed
When Title of the login page is FreeCRM.....................................passed
Then user enters username and password......................................passed
Then user clicks on login button............................................passed
Then user is on home page...................................................passed
Then user moves to deal page................................................passed
Then user inputs deal details...............................................passed
Then close the browser......................................................passed
]]></system-out>
</testcase>
</testsuite>
