<?xml version="1.0" encoding="UTF-8"?><testsuite failures="0" name="cucumber.runtime.formatter.JUnitFormatter" skipped="0" tests="4" time="0.520699">
<testcase classname="Free CRM app test" name="free crm create deal test" time="0.503717">
<system-out><![CDATA[Given user is on deal page..................................................passed
When user fills the deals form..............................................passed
Then deal is created........................................................passed
]]></system-out>
</testcase>
<testcase classname="Free CRM app test" name="free crm create contact test" time="0.008246">
<system-out><![CDATA[Given user is on contact page...............................................passed
When user fills the contact form............................................passed
Then contact is created.....................................................passed
]]></system-out>
</testcase>
<testcase classname="Free CRM app test" name="free crm create mail test" time="0.002144">
<system-out><![CDATA[Given user is on mail page..................................................passed
When user fills the mail form...............................................passed
Then mail is created........................................................passed
]]></system-out>
</testcase>
<testcase classname="Free CRM app test" name="free crm create mail test 2" time="0.006592">
<system-out><![CDATA[Given user is on mail page..................................................passed
When user fills the mail form...............................................passed
Then mail is created........................................................passed
]]></system-out>
</testcase>
</testsuite>
